--------------------------------------------------------------------------------
Release 14.7 Trace  (nt64)
Copyright (c) 1995-2013 Xilinx, Inc.  All rights reserved.

D:\Xilinx\14.7\ISE_DS\ISE\bin\nt64\unwrapped\trce.exe -intstyle ise -v 3 -s 3
-n 3 -fastpaths -xml comparator_circuit.twx comparator_circuit.ncd -o
comparator_circuit.twr comparator_circuit.pcf

Design file:              comparator_circuit.ncd
Physical constraint file: comparator_circuit.pcf
Device,package,speed:     xc7a100t,csg324,C,-3 (PRODUCTION 1.10 2013-10-13)
Report level:             verbose report

Environment Variable      Effect 
--------------------      ------ 
NONE                      No environment variables were set
--------------------------------------------------------------------------------

INFO:Timing:2698 - No timing constraints found, doing default enumeration.
INFO:Timing:3412 - To improve timing, see the Timing Closure User Guide (UG612).
INFO:Timing:2752 - To get complete path coverage, use the unconstrained paths 
   option. All paths that are not constrained will be reported in the 
   unconstrained paths section(s) of the report.
INFO:Timing:3339 - The clock-to-out numbers in this timing report are based on 
   a 50 Ohm transmission line loading model.  For the details of this model, 
   and for more information on accounting for different loading conditions, 
   please see the device datasheet.



Data Sheet report:
-----------------
All values displayed in nanoseconds (ns)

Pad to Pad
---------------+---------------+---------+
Source Pad     |Destination Pad|  Delay  |
---------------+---------------+---------+
a0             |F_a_equal_b    |    5.496|
a0             |F_a_more_b     |    5.396|
a0             |F_b_more_a     |    5.520|
a1             |F_a_equal_b    |    5.512|
a1             |F_a_more_b     |    5.525|
a1             |F_b_more_a     |    5.536|
b0             |F_a_equal_b    |    5.334|
b0             |F_a_more_b     |    5.138|
b0             |F_b_more_a     |    5.154|
b1             |F_a_equal_b    |    5.422|
b1             |F_a_more_b     |    5.116|
b1             |F_b_more_a     |    5.446|
---------------+---------------+---------+


Analysis completed Sun Oct 29 16:14:54 2023 
--------------------------------------------------------------------------------

Trace Settings:
-------------------------
Trace Settings 

Peak Memory Usage: 5001 MB



